<?xml version="1.0" encoding="UTF-8"?>
<Site BuildName="(empty)"
	BuildStamp="20240619-0552-Experimental"
	Name="(empty)"
	Generator="ctest-3.28.3"
	CompilerName=""
	CompilerVersion=""
	OSName="Linux"
	Hostname="io"
	OSRelease="6.8.0-35-generic"
	OSVersion="#35-Ubuntu SMP PREEMPT_DYNAMIC Mon May 20 15:51:52 UTC 2024"
	OSPlatform="x86_64"
	Is64Bits="1"
	VendorString="GenuineIntel"
	VendorID="Intel Corporation"
	FamilyID="6"
	ModelID="60"
	ProcessorCacheSize="6144"
	NumberOfLogicalCPU="8"
	NumberOfPhysicalCPU="4"
	TotalVirtualMemory="8191"
	TotalPhysicalMemory="3793"
	LogicalProcessorsPerPhysical="2"
	ProcessorClockFrequency="3292.2"
	>
	<Testing>
		<StartDateTime>Jun 19 12:57 WIB</StartDateTime>
		<StartTestTime>1718776669</StartTestTime>
		<TestList/>
		<EndDateTime>Jun 19 12:57 WIB</EndDateTime>
		<EndTestTime>1718776669</EndTestTime>
		<ElapsedMinutes>0</ElapsedMinutes>
	</Testing>
</Site>
